#
# There is insufficient memory for the Java Runtime Environment to continue.
# Native memory allocation (malloc) failed to allocate 131088 bytes for Chunk::new
# Possible reasons:
#   The system is out of physical RAM or swap space
#   The process is running with CompressedOops enabled, and the Java Heap may be blocking the growth of the native heap
# Possible solutions:
#   Reduce memory load on the system
#   Increase physical memory or swap space
#   Check if swap backing store is full
#   Decrease Java heap size (-Xmx/-Xms)
#   Decrease number of Java threads
#   Decrease Java thread stack sizes (-Xss)
#   Set larger code cache with -XX:ReservedCodeCacheSize=
#   JVM is running with Zero Based Compressed Oops mode in which the Java heap is
#     placed in the first 32GB address space. The Java Heap base address is the
#     maximum limit for the native heap growth. Please use -XX:HeapBaseMinAddress
#     to set the Java Heap base and to place the Java Heap above 32GB virtual address.
# This output file may be truncated or incomplete.
#
#  Out of Memory Error (c:/cygwin64/tmp/openjdk-jdk11u-windows-x64-hotspot/workspace/build/src/src/hotspot/share/memory/arena.cpp:197), pid=28932, tid=30940
#
# JRE version: OpenJDK Runtime Environment (11.0.4+11) (build 11.0.4+11)
# Java VM: OpenJDK 64-Bit Server VM (11.0.4+11, mixed mode, tiered, compressed oops, g1 gc, windows-amd64)
# No core dump will be written. Minidumps are not enabled by default on client versions of Windows
#

---------------  S U M M A R Y ------------

Command Line: --module-path=D:\javafx\javafx-sdk-15.0.1\lib --add-modules=javafx.controls,javafx.fxml -Dfile.encoding=Cp1252 application.Main

Host: Intel(R) Core(TM) i7-8750H CPU @ 2.20GHz, 12 cores, 15G,  Windows 10 , 64 bit Build 18362 (10.0.18362.1110)
Time: Sat Nov 21 01:46:23 2020 India Standard Time elapsed time: 4 seconds (0d 0h 0m 4s)

---------------  T H R E A D  ---------------

Current thread (0x000001f7f7221000):  JavaThread "C2 CompilerThread0" daemon [_thread_in_native, id=30940, stack(0x0000001e55700000,0x0000001e55800000)]


Current CompileTask:
C2:   4250 2387 %     4       com.sun.javafx.geom.AreaOp::pruneEdges @ 202 (981 bytes)

Stack: [0x0000001e55700000,0x0000001e55800000]
Native frames: (J=compiled Java code, j=interpreted, Vv=VM code, C=native code)
V  [jvm.dll+0x5d700a]
V  [jvm.dll+0x70bbce]
V  [jvm.dll+0x70d25b]
V  [jvm.dll+0x70d923]
V  [jvm.dll+0x23f5f8]
V  [jvm.dll+0xb982c]
V  [jvm.dll+0xb9dbc]
V  [jvm.dll+0xb990d]
V  [jvm.dll+0x601091]
V  [jvm.dll+0x1fb2f3]
V  [jvm.dll+0x1f8dbf]
V  [jvm.dll+0x17defc]
V  [jvm.dll+0x207d07]
V  [jvm.dll+0x20626e]
V  [jvm.dll+0x6d480c]
V  [jvm.dll+0x6cd85c]
V  [jvm.dll+0x5d6286]
C  [ucrtbase.dll+0x210b2]
C  [KERNEL32.DLL+0x17c24]
C  [ntdll.dll+0x6cea1]


---------------  P R O C E S S  ---------------

Threads class SMR info:
_java_thread_list=0x000001f7f8a1b920, length=19, elements={
0x000001f7d2956000, 0x000001f7f6915000, 0x000001f7f6916800, 0x000001f7f721a800,
0x000001f7f721b000, 0x000001f7f7221000, 0x000001f7f71d1000, 0x000001f7f7226000,
0x000001f7f71a0800, 0x000001f7f807b000, 0x000001f7f7f5a800, 0x000001f7f7f34000,
0x000001f7f76a9000, 0x000001f7f7f32800, 0x000001f7f7a65000, 0x000001f7f8ce5800,
0x000001f7f7ed4800, 0x000001f7f8cee000, 0x000001f7f8cef000
}

Java Threads: ( => current thread )
  0x000001f7d2956000 JavaThread "main" [_thread_blocked, id=34496, stack(0x0000001e54c00000,0x0000001e54d00000)]
  0x000001f7f6915000 JavaThread "Reference Handler" daemon [_thread_blocked, id=18036, stack(0x0000001e55300000,0x0000001e55400000)]
  0x000001f7f6916800 JavaThread "Finalizer" daemon [_thread_blocked, id=30260, stack(0x0000001e55400000,0x0000001e55500000)]
  0x000001f7f721a800 JavaThread "Signal Dispatcher" daemon [_thread_blocked, id=30156, stack(0x0000001e55500000,0x0000001e55600000)]
  0x000001f7f721b000 JavaThread "Attach Listener" daemon [_thread_blocked, id=33396, stack(0x0000001e55600000,0x0000001e55700000)]
=>0x000001f7f7221000 JavaThread "C2 CompilerThread0" daemon [_thread_in_native, id=30940, stack(0x0000001e55700000,0x0000001e55800000)]
  0x000001f7f71d1000 JavaThread "C1 CompilerThread0" daemon [_thread_in_native_trans, id=32008, stack(0x0000001e55800000,0x0000001e55900000)]
  0x000001f7f7226000 JavaThread "Sweeper thread" daemon [_thread_blocked, id=6696, stack(0x0000001e55900000,0x0000001e55a00000)]
  0x000001f7f71a0800 JavaThread "Common-Cleaner" daemon [_thread_blocked, id=31972, stack(0x0000001e55a00000,0x0000001e55b00000)]
  0x000001f7f807b000 JavaThread "Service Thread" daemon [_thread_blocked, id=17060, stack(0x0000001e55d00000,0x0000001e55e00000)]
  0x000001f7f7f5a800 JavaThread "QuantumRenderer-0" daemon [_thread_blocked, id=14500, stack(0x0000001e55f00000,0x0000001e56000000)]
  0x000001f7f7f34000 JavaThread "InvokeLaterDispatcher" daemon [_thread_blocked, id=19176, stack(0x0000001e56000000,0x0000001e56100000)]
  0x000001f7f76a9000 JavaThread "JavaFX Application Thread" [_thread_in_native, id=24768, stack(0x0000001e56100000,0x0000001e56200000)]
  0x000001f7f7f32800 JavaThread "JavaFX-Launcher" [_thread_blocked, id=31592, stack(0x0000001e56600000,0x0000001e56700000)]
  0x000001f7f7a65000 JavaThread "Thread-2" daemon [_thread_in_native, id=21620, stack(0x0000001e56500000,0x0000001e56600000)]
  0x000001f7f8ce5800 JavaThread "Prism Font Disposer" daemon [_thread_blocked, id=23192, stack(0x0000001e55c00000,0x0000001e55d00000)]
  0x000001f7f7ed4800 JavaThread "Cleaner-0" daemon [_thread_blocked, id=22748, stack(0x0000001e55b00000,0x0000001e55c00000)]
  0x000001f7f8cee000 JavaThread "C2 CompilerThread1" daemon [_thread_in_native, id=1292, stack(0x0000001e57100000,0x0000001e57200000)]
  0x000001f7f8cef000 JavaThread "C2 CompilerThread2" daemon [_thread_in_native, id=33284, stack(0x0000001e57200000,0x0000001e57300000)]

Other Threads:
  0x000001f7f68e9800 VMThread "VM Thread" [stack: 0x0000001e55200000,0x0000001e55300000] [id=21552]
  0x000001f7f7bae000 WatcherThread [stack: 0x0000001e55e00000,0x0000001e55f00000] [id=22596]
  0x000001f7d296d000 GCTaskThread "GC Thread#0" [stack: 0x0000001e54d00000,0x0000001e54e00000] [id=13928]
  0x000001f7f844e800 GCTaskThread "GC Thread#1" [stack: 0x0000001e56700000,0x0000001e56800000] [id=24072]
  0x000001f7f7a5a800 GCTaskThread "GC Thread#2" [stack: 0x0000001e56800000,0x0000001e56900000] [id=29392]
  0x000001f7f93ce000 GCTaskThread "GC Thread#3" [stack: 0x0000001e56900000,0x0000001e56a00000] [id=25936]
  0x000001f7f80d1000 GCTaskThread "GC Thread#4" [stack: 0x0000001e56a00000,0x0000001e56b00000] [id=25972]
  0x000001f7f93c1800 GCTaskThread "GC Thread#5" [stack: 0x0000001e56b00000,0x0000001e56c00000] [id=33812]
  0x000001f7d29cd000 ConcurrentGCThread "G1 Main Marker" [stack: 0x0000001e54e00000,0x0000001e54f00000] [id=11896]
  0x000001f7d29d0000 ConcurrentGCThread "G1 Conc#0" [stack: 0x0000001e54f00000,0x0000001e55000000] [id=8780]
  0x000001f7f8a1d800 ConcurrentGCThread "G1 Conc#1" [stack: 0x0000001e56f00000,0x0000001e57000000] [id=5264]
  0x000001f782153800 ConcurrentGCThread "G1 Conc#2" [stack: 0x0000001e57000000,0x0000001e57100000] [id=18804]
  0x000001f7f67eb000 ConcurrentGCThread "G1 Refine#0" [stack: 0x0000001e55000000,0x0000001e55100000] [id=32612]
  0x000001f7f67ee000 ConcurrentGCThread "G1 Young RemSet Sampling" [stack: 0x0000001e55100000,0x0000001e55200000] [id=31344]

Threads with active compile tasks:
C2 CompilerThread02387 %     4       com.sun.javafx.geom.AreaOp::pruneEdges @ 202 (981 bytes)
C2 CompilerThread12483   !   4       com.sun.javafx.geom.Curve::compareTo (827 bytes)
C2 CompilerThread22402       4       com.sun.javafx.geom.AreaOp::resolveLinks (520 bytes)

VM state:not at safepoint (normal execution)

VM Mutex/Monitor currently owned by a thread: None

Heap address: 0x0000000702400000, size: 4060 MB, Compressed Oops mode: Zero based, Oop shift amount: 3
Narrow klass base: 0x0000000800000000, Narrow klass shift: 0
Compressed class space size: 1073741824 Address: 0x0000000800000000

Heap:
 garbage-first heap   total 260096K, used 25205K [0x0000000702400000, 0x0000000800000000)
  region size 1024K, 22 young (22528K), 7 survivors (7168K)
 Metaspace       used 21366K, capacity 22102K, committed 22448K, reserved 1069056K
  class space    used 2629K, capacity 2952K, committed 3072K, reserved 1048576K
Heap Regions: E=young(eden), S=young(survivor), O=old, HS=humongous(starts), HC=humongous(continues), CS=collection set, F=free, A=archive, TAMS=top-at-mark-start (previous, next)
|   0|0x0000000702400000, 0x000000070243d400, 0x0000000702500000| 23%| O|  |TAMS 0x000000070243d400, 0x0000000702400000| Untracked 
|   1|0x0000000702500000, 0x0000000702600000, 0x0000000702600000|100%|HS|  |TAMS 0x0000000702600000, 0x0000000702500000| Complete 
|   2|0x0000000702600000, 0x0000000702700000, 0x0000000702700000|100%|HC|  |TAMS 0x0000000702700000, 0x0000000702600000| Complete 
|   3|0x0000000702700000, 0x0000000702800000, 0x0000000702800000|100%|HS|  |TAMS 0x0000000702700000, 0x0000000702700000| Complete 
|   4|0x0000000702800000, 0x0000000702900000, 0x0000000702900000|100%|HC|  |TAMS 0x0000000702800000, 0x0000000702800000| Complete 
|   5|0x0000000702900000, 0x0000000702900000, 0x0000000702a00000|  0%| F|  |TAMS 0x0000000702900000, 0x0000000702900000| Untracked 
|   6|0x0000000702a00000, 0x0000000702a00000, 0x0000000702b00000|  0%| F|  |TAMS 0x0000000702a00000, 0x0000000702a00000| Untracked 
|   7|0x0000000702b00000, 0x0000000702b00000, 0x0000000702c00000|  0%| F|  |TAMS 0x0000000702b00000, 0x0000000702b00000| Untracked 
|   8|0x0000000702c00000, 0x0000000702c00000, 0x0000000702d00000|  0%| F|  |TAMS 0x0000000702c00000, 0x0000000702c00000| Untracked 
|   9|0x0000000702d00000, 0x0000000702d00000, 0x0000000702e00000|  0%| F|  |TAMS 0x0000000702d00000, 0x0000000702d00000| Untracked 
|  10|0x0000000702e00000, 0x0000000702e00000, 0x0000000702f00000|  0%| F|  |TAMS 0x0000000702e00000, 0x0000000702e00000| Untracked 
|  11|0x0000000702f00000, 0x0000000702f00000, 0x0000000703000000|  0%| F|  |TAMS 0x0000000702f00000, 0x0000000702f00000| Untracked 
|  12|0x0000000703000000, 0x0000000703000000, 0x0000000703100000|  0%| F|  |TAMS 0x0000000703000000, 0x0000000703000000| Untracked 
|  13|0x0000000703100000, 0x0000000703100000, 0x0000000703200000|  0%| F|  |TAMS 0x0000000703100000, 0x0000000703100000| Untracked 
|  14|0x0000000703200000, 0x0000000703200000, 0x0000000703300000|  0%| F|  |TAMS 0x0000000703200000, 0x0000000703200000| Untracked 
|  15|0x0000000703300000, 0x0000000703300000, 0x0000000703400000|  0%| F|  |TAMS 0x0000000703300000, 0x0000000703300000| Untracked 
|  16|0x0000000703400000, 0x0000000703400000, 0x0000000703500000|  0%| F|  |TAMS 0x0000000703400000, 0x0000000703400000| Untracked 
|  17|0x0000000703500000, 0x0000000703500000, 0x0000000703600000|  0%| F|  |TAMS 0x0000000703500000, 0x0000000703500000| Untracked 
|  18|0x0000000703600000, 0x0000000703600000, 0x0000000703700000|  0%| F|  |TAMS 0x0000000703600000, 0x0000000703600000| Untracked 
|  19|0x0000000703700000, 0x0000000703700000, 0x0000000703800000|  0%| F|  |TAMS 0x0000000703700000, 0x0000000703700000| Untracked 
|  20|0x0000000703800000, 0x0000000703800000, 0x0000000703900000|  0%| F|  |TAMS 0x0000000703800000, 0x0000000703800000| Untracked 
|  21|0x0000000703900000, 0x0000000703900000, 0x0000000703a00000|  0%| F|  |TAMS 0x0000000703900000, 0x0000000703900000| Untracked 
|  22|0x0000000703a00000, 0x0000000703a00000, 0x0000000703b00000|  0%| F|  |TAMS 0x0000000703a00000, 0x0000000703a00000| Untracked 
|  23|0x0000000703b00000, 0x0000000703b00000, 0x0000000703c00000|  0%| F|  |TAMS 0x0000000703b00000, 0x0000000703b00000| Untracked 
|  24|0x0000000703c00000, 0x0000000703c00000, 0x0000000703d00000|  0%| F|  |TAMS 0x0000000703c00000, 0x0000000703c00000| Untracked 
|  25|0x0000000703d00000, 0x0000000703d00000, 0x0000000703e00000|  0%| F|  |TAMS 0x0000000703d00000, 0x0000000703d00000| Untracked 
|  26|0x0000000703e00000, 0x0000000703e00000, 0x0000000703f00000|  0%| F|  |TAMS 0x0000000703e00000, 0x0000000703e00000| Untracked 
|  27|0x0000000703f00000, 0x0000000703f00000, 0x0000000704000000|  0%| F|  |TAMS 0x0000000703f00000, 0x0000000703f00000| Untracked 
|  28|0x0000000704000000, 0x0000000704000000, 0x0000000704100000|  0%| F|  |TAMS 0x0000000704000000, 0x0000000704000000| Untracked 
|  29|0x0000000704100000, 0x0000000704100000, 0x0000000704200000|  0%| F|  |TAMS 0x0000000704100000, 0x0000000704100000| Untracked 
|  30|0x0000000704200000, 0x0000000704200000, 0x0000000704300000|  0%| F|  |TAMS 0x0000000704200000, 0x0000000704200000| Untracked 
|  31|0x0000000704300000, 0x0000000704300000, 0x0000000704400000|  0%| F|  |TAMS 0x0000000704300000, 0x0000000704300000| Untracked 
|  32|0x0000000704400000, 0x0000000704400000, 0x0000000704500000|  0%| F|  |TAMS 0x0000000704400000, 0x0000000704400000| Untracked 
|  33|0x0000000704500000, 0x0000000704500000, 0x0000000704600000|  0%| F|  |TAMS 0x0000000704500000, 0x0000000704500000| Untracked 
|  34|0x0000000704600000, 0x0000000704600000, 0x0000000704700000|  0%| F|  |TAMS 0x0000000704600000, 0x0000000704600000| Untracked 
|  35|0x0000000704700000, 0x0000000704700000, 0x0000000704800000|  0%| F|  |TAMS 0x0000000704700000, 0x0000000704700000| Untracked 
|  36|0x0000000704800000, 0x0000000704800000, 0x0000000704900000|  0%| F|  |TAMS 0x0000000704800000, 0x0000000704800000| Untracked 
|  37|0x0000000704900000, 0x0000000704900000, 0x0000000704a00000|  0%| F|  |TAMS 0x0000000704900000, 0x0000000704900000| Untracked 
|  38|0x0000000704a00000, 0x0000000704a00000, 0x0000000704b00000|  0%| F|  |TAMS 0x0000000704a00000, 0x0000000704a00000| Untracked 
|  39|0x0000000704b00000, 0x0000000704b00000, 0x0000000704c00000|  0%| F|  |TAMS 0x0000000704b00000, 0x0000000704b00000| Untracked 
|  40|0x0000000704c00000, 0x0000000704c00000, 0x0000000704d00000|  0%| F|  |TAMS 0x0000000704c00000, 0x0000000704c00000| Untracked 
|  41|0x0000000704d00000, 0x0000000704d00000, 0x0000000704e00000|  0%| F|  |TAMS 0x0000000704d00000, 0x0000000704d00000| Untracked 
|  42|0x0000000704e00000, 0x0000000704e00000, 0x0000000704f00000|  0%| F|  |TAMS 0x0000000704e00000, 0x0000000704e00000| Untracked 
|  43|0x0000000704f00000, 0x0000000704f00000, 0x0000000705000000|  0%| F|  |TAMS 0x0000000704f00000, 0x0000000704f00000| Untracked 
|  44|0x0000000705000000, 0x0000000705000000, 0x0000000705100000|  0%| F|  |TAMS 0x0000000705000000, 0x0000000705000000| Untracked 
|  45|0x0000000705100000, 0x0000000705100000, 0x0000000705200000|  0%| F|  |TAMS 0x0000000705100000, 0x0000000705100000| Untracked 
|  46|0x0000000705200000, 0x0000000705200000, 0x0000000705300000|  0%| F|  |TAMS 0x0000000705200000, 0x0000000705200000| Untracked 
|  47|0x0000000705300000, 0x0000000705300000, 0x0000000705400000|  0%| F|  |TAMS 0x0000000705300000, 0x0000000705300000| Untracked 
|  48|0x0000000705400000, 0x0000000705400000, 0x0000000705500000|  0%| F|  |TAMS 0x0000000705400000, 0x0000000705400000| Untracked 
|  49|0x0000000705500000, 0x0000000705500000, 0x0000000705600000|  0%| F|  |TAMS 0x0000000705500000, 0x0000000705500000| Untracked 
|  50|0x0000000705600000, 0x0000000705600000, 0x0000000705700000|  0%| F|  |TAMS 0x0000000705600000, 0x0000000705600000| Untracked 
|  51|0x0000000705700000, 0x0000000705700000, 0x0000000705800000|  0%| F|  |TAMS 0x0000000705700000, 0x0000000705700000| Untracked 
|  52|0x0000000705800000, 0x0000000705800000, 0x0000000705900000|  0%| F|  |TAMS 0x0000000705800000, 0x0000000705800000| Untracked 
|  53|0x0000000705900000, 0x0000000705900000, 0x0000000705a00000|  0%| F|  |TAMS 0x0000000705900000, 0x0000000705900000| Untracked 
|  54|0x0000000705a00000, 0x0000000705a00000, 0x0000000705b00000|  0%| F|  |TAMS 0x0000000705a00000, 0x0000000705a00000| Untracked 
|  55|0x0000000705b00000, 0x0000000705b00000, 0x0000000705c00000|  0%| F|  |TAMS 0x0000000705b00000, 0x0000000705b00000| Untracked 
|  56|0x0000000705c00000, 0x0000000705c00000, 0x0000000705d00000|  0%| F|  |TAMS 0x0000000705c00000, 0x0000000705c00000| Untracked 
|  57|0x0000000705d00000, 0x0000000705d00000, 0x0000000705e00000|  0%| F|  |TAMS 0x0000000705d00000, 0x0000000705d00000| Untracked 
|  58|0x0000000705e00000, 0x0000000705e00000, 0x0000000705f00000|  0%| F|  |TAMS 0x0000000705e00000, 0x0000000705e00000| Untracked 
|  59|0x0000000705f00000, 0x0000000705f00000, 0x0000000706000000|  0%| F|  |TAMS 0x0000000705f00000, 0x0000000705f00000| Untracked 
|  60|0x0000000706000000, 0x0000000706000000, 0x0000000706100000|  0%| F|  |TAMS 0x0000000706000000, 0x0000000706000000| Untracked 
|  61|0x0000000706100000, 0x0000000706100000, 0x0000000706200000|  0%| F|  |TAMS 0x0000000706100000, 0x0000000706100000| Untracked 
|  62|0x0000000706200000, 0x0000000706200000, 0x0000000706300000|  0%| F|  |TAMS 0x0000000706200000, 0x0000000706200000| Untracked 
|  63|0x0000000706300000, 0x0000000706300000, 0x0000000706400000|  0%| F|  |TAMS 0x0000000706300000, 0x0000000706300000| Untracked 
|  64|0x0000000706400000, 0x0000000706400000, 0x0000000706500000|  0%| F|  |TAMS 0x0000000706400000, 0x0000000706400000| Untracked 
|  65|0x0000000706500000, 0x0000000706500000, 0x0000000706600000|  0%| F|  |TAMS 0x0000000706500000, 0x0000000706500000| Untracked 
|  66|0x0000000706600000, 0x0000000706600000, 0x0000000706700000|  0%| F|  |TAMS 0x0000000706600000, 0x0000000706600000| Untracked 
|  67|0x0000000706700000, 0x0000000706700000, 0x0000000706800000|  0%| F|  |TAMS 0x0000000706700000, 0x0000000706700000| Untracked 
|  68|0x0000000706800000, 0x0000000706800000, 0x0000000706900000|  0%| F|  |TAMS 0x0000000706800000, 0x0000000706800000| Untracked 
|  69|0x0000000706900000, 0x0000000706900000, 0x0000000706a00000|  0%| F|  |TAMS 0x0000000706900000, 0x0000000706900000| Untracked 
|  70|0x0000000706a00000, 0x0000000706a00000, 0x0000000706b00000|  0%| F|  |TAMS 0x0000000706a00000, 0x0000000706a00000| Untracked 
|  71|0x0000000706b00000, 0x0000000706b00000, 0x0000000706c00000|  0%| F|  |TAMS 0x0000000706b00000, 0x0000000706b00000| Untracked 
|  72|0x0000000706c00000, 0x0000000706c00000, 0x0000000706d00000|  0%| F|  |TAMS 0x0000000706c00000, 0x0000000706c00000| Untracked 
|  73|0x0000000706d00000, 0x0000000706d00000, 0x0000000706e00000|  0%| F|  |TAMS 0x0000000706d00000, 0x0000000706d00000| Untracked 
|  74|0x0000000706e00000, 0x0000000706e00000, 0x0000000706f00000|  0%| F|  |TAMS 0x0000000706e00000, 0x0000000706e00000| Untracked 
|  75|0x0000000706f00000, 0x0000000706f00000, 0x0000000707000000|  0%| F|  |TAMS 0x0000000706f00000, 0x0000000706f00000| Untracked 
|  76|0x0000000707000000, 0x0000000707000000, 0x0000000707100000|  0%| F|  |TAMS 0x0000000707000000, 0x0000000707000000| Untracked 
|  77|0x0000000707100000, 0x0000000707100000, 0x0000000707200000|  0%| F|  |TAMS 0x0000000707100000, 0x0000000707100000| Untracked 
|  78|0x0000000707200000, 0x0000000707200000, 0x0000000707300000|  0%| F|  |TAMS 0x0000000707200000, 0x0000000707200000| Untracked 
|  79|0x0000000707300000, 0x0000000707300000, 0x0000000707400000|  0%| F|  |TAMS 0x0000000707300000, 0x0000000707300000| Untracked 
|  80|0x0000000707400000, 0x0000000707400000, 0x0000000707500000|  0%| F|  |TAMS 0x0000000707400000, 0x0000000707400000| Untracked 
|  81|0x0000000707500000, 0x0000000707500000, 0x0000000707600000|  0%| F|  |TAMS 0x0000000707500000, 0x0000000707500000| Untracked 
|  82|0x0000000707600000, 0x0000000707600000, 0x0000000707700000|  0%| F|  |TAMS 0x0000000707600000, 0x0000000707600000| Untracked 
|  83|0x0000000707700000, 0x0000000707700000, 0x0000000707800000|  0%| F|  |TAMS 0x0000000707700000, 0x0000000707700000| Untracked 
|  84|0x0000000707800000, 0x0000000707800000, 0x0000000707900000|  0%| F|  |TAMS 0x0000000707800000, 0x0000000707800000| Untracked 
|  85|0x0000000707900000, 0x0000000707900000, 0x0000000707a00000|  0%| F|  |TAMS 0x0000000707900000, 0x0000000707900000| Untracked 
|  86|0x0000000707a00000, 0x0000000707a00000, 0x0000000707b00000|  0%| F|  |TAMS 0x0000000707a00000, 0x0000000707a00000| Untracked 
|  87|0x0000000707b00000, 0x0000000707b00000, 0x0000000707c00000|  0%| F|  |TAMS 0x0000000707b00000, 0x0000000707b00000| Untracked 
|  88|0x0000000707c00000, 0x0000000707c00000, 0x0000000707d00000|  0%| F|  |TAMS 0x0000000707c00000, 0x0000000707c00000| Untracked 
|  89|0x0000000707d00000, 0x0000000707d00000, 0x0000000707e00000|  0%| F|  |TAMS 0x0000000707d00000, 0x0000000707d00000| Untracked 
|  90|0x0000000707e00000, 0x0000000707e00000, 0x0000000707f00000|  0%| F|  |TAMS 0x0000000707e00000, 0x0000000707e00000| Untracked 
|  91|0x0000000707f00000, 0x0000000707f00000, 0x0000000708000000|  0%| F|  |TAMS 0x0000000707f00000, 0x0000000707f00000| Untracked 
|  92|0x0000000708000000, 0x0000000708000000, 0x0000000708100000|  0%| F|  |TAMS 0x0000000708000000, 0x0000000708000000| Untracked 
|  93|0x0000000708100000, 0x0000000708100000, 0x0000000708200000|  0%| F|  |TAMS 0x0000000708100000, 0x0000000708100000| Untracked 
|  94|0x0000000708200000, 0x0000000708200000, 0x0000000708300000|  0%| F|  |TAMS 0x0000000708200000, 0x0000000708200000| Untracked 
|  95|0x0000000708300000, 0x0000000708300000, 0x0000000708400000|  0%| F|  |TAMS 0x0000000708300000, 0x0000000708300000| Untracked 
|  96|0x0000000708400000, 0x0000000708400000, 0x0000000708500000|  0%| F|  |TAMS 0x0000000708400000, 0x0000000708400000| Untracked 
|  97|0x0000000708500000, 0x0000000708500000, 0x0000000708600000|  0%| F|  |TAMS 0x0000000708500000, 0x0000000708500000| Untracked 
|  98|0x0000000708600000, 0x0000000708600000, 0x0000000708700000|  0%| F|  |TAMS 0x0000000708600000, 0x0000000708600000| Untracked 
|  99|0x0000000708700000, 0x0000000708700000, 0x0000000708800000|  0%| F|  |TAMS 0x0000000708700000, 0x0000000708700000| Untracked 
| 100|0x0000000708800000, 0x0000000708800000, 0x0000000708900000|  0%| F|  |TAMS 0x0000000708800000, 0x0000000708800000| Untracked 
| 101|0x0000000708900000, 0x0000000708900000, 0x0000000708a00000|  0%| F|  |TAMS 0x0000000708900000, 0x0000000708900000| Untracked 
| 102|0x0000000708a00000, 0x0000000708a00000, 0x0000000708b00000|  0%| F|  |TAMS 0x0000000708a00000, 0x0000000708a00000| Untracked 
| 103|0x0000000708b00000, 0x0000000708b00000, 0x0000000708c00000|  0%| F|  |TAMS 0x0000000708b00000, 0x0000000708b00000| Untracked 
| 104|0x0000000708c00000, 0x0000000708c00000, 0x0000000708d00000|  0%| F|  |TAMS 0x0000000708c00000, 0x0000000708c00000| Untracked 
| 105|0x0000000708d00000, 0x0000000708d00000, 0x0000000708e00000|  0%| F|  |TAMS 0x0000000708d00000, 0x0000000708d00000| Untracked 
| 106|0x0000000708e00000, 0x0000000708e00000, 0x0000000708f00000|  0%| F|  |TAMS 0x0000000708e00000, 0x0000000708e00000| Untracked 
| 107|0x0000000708f00000, 0x0000000708f00000, 0x0000000709000000|  0%| F|  |TAMS 0x0000000708f00000, 0x0000000708f00000| Untracked 
| 108|0x0000000709000000, 0x0000000709000000, 0x0000000709100000|  0%| F|  |TAMS 0x0000000709000000, 0x0000000709000000| Untracked 
| 109|0x0000000709100000, 0x0000000709100000, 0x0000000709200000|  0%| F|  |TAMS 0x0000000709100000, 0x0000000709100000| Untracked 
| 110|0x0000000709200000, 0x0000000709200000, 0x0000000709300000|  0%| F|  |TAMS 0x0000000709200000, 0x0000000709200000| Untracked 
| 111|0x0000000709300000, 0x0000000709300000, 0x0000000709400000|  0%| F|  |TAMS 0x0000000709300000, 0x0000000709300000| Untracked 
| 112|0x0000000709400000, 0x0000000709400000, 0x0000000709500000|  0%| F|  |TAMS 0x0000000709400000, 0x0000000709400000| Untracked 
| 113|0x0000000709500000, 0x0000000709500000, 0x0000000709600000|  0%| F|  |TAMS 0x0000000709500000, 0x0000000709500000| Untracked 
| 114|0x0000000709600000, 0x0000000709600000, 0x0000000709700000|  0%| F|  |TAMS 0x0000000709600000, 0x0000000709600000| Untracked 
| 115|0x0000000709700000, 0x0000000709700000, 0x0000000709800000|  0%| F|  |TAMS 0x0000000709700000, 0x0000000709700000| Untracked 
| 116|0x0000000709800000, 0x0000000709800000, 0x0000000709900000|  0%| F|  |TAMS 0x0000000709800000, 0x0000000709800000| Untracked 
| 117|0x0000000709900000, 0x0000000709900000, 0x0000000709a00000|  0%| F|  |TAMS 0x0000000709900000, 0x0000000709900000| Untracked 
| 118|0x0000000709a00000, 0x0000000709a00000, 0x0000000709b00000|  0%| F|  |TAMS 0x0000000709a00000, 0x0000000709a00000| Untracked 
| 119|0x0000000709b00000, 0x0000000709b00000, 0x0000000709c00000|  0%| F|  |TAMS 0x0000000709b00000, 0x0000000709b00000| Untracked 
| 120|0x0000000709c00000, 0x0000000709c00000, 0x0000000709d00000|  0%| F|  |TAMS 0x0000000709c00000, 0x0000000709c00000| Untracked 
| 121|0x0000000709d00000, 0x0000000709d00000, 0x0000000709e00000|  0%| F|  |TAMS 0x0000000709d00000, 0x0000000709d00000| Untracked 
| 122|0x0000000709e00000, 0x0000000709e00000, 0x0000000709f00000|  0%| F|  |TAMS 0x0000000709e00000, 0x0000000709e00000| Untracked 
| 123|0x0000000709f00000, 0x0000000709f00000, 0x000000070a000000|  0%| F|  |TAMS 0x0000000709f00000, 0x0000000709f00000| Untracked 
| 124|0x000000070a000000, 0x000000070a000000, 0x000000070a100000|  0%| F|  |TAMS 0x000000070a000000, 0x000000070a000000| Untracked 
| 125|0x000000070a100000, 0x000000070a100000, 0x000000070a200000|  0%| F|  |TAMS 0x000000070a100000, 0x000000070a100000| Untracked 
| 126|0x000000070a200000, 0x000000070a200000, 0x000000070a300000|  0%| F|  |TAMS 0x000000070a200000, 0x000000070a200000| Untracked 
| 127|0x000000070a300000, 0x000000070a300000, 0x000000070a400000|  0%| F|  |TAMS 0x000000070a300000, 0x000000070a300000| Untracked 
| 128|0x000000070a400000, 0x000000070a400000, 0x000000070a500000|  0%| F|  |TAMS 0x000000070a400000, 0x000000070a400000| Untracked 
| 129|0x000000070a500000, 0x000000070a500000, 0x000000070a600000|  0%| F|  |TAMS 0x000000070a500000, 0x000000070a500000| Untracked 
| 130|0x000000070a600000, 0x000000070a600000, 0x000000070a700000|  0%| F|  |TAMS 0x000000070a600000, 0x000000070a600000| Untracked 
| 131|0x000000070a700000, 0x000000070a700000, 0x000000070a800000|  0%| F|  |TAMS 0x000000070a700000, 0x000000070a700000| Untracked 
| 132|0x000000070a800000, 0x000000070a800000, 0x000000070a900000|  0%| F|  |TAMS 0x000000070a800000, 0x000000070a800000| Untracked 
| 133|0x000000070a900000, 0x000000070a900000, 0x000000070aa00000|  0%| F|  |TAMS 0x000000070a900000, 0x000000070a900000| Untracked 
| 134|0x000000070aa00000, 0x000000070aa00000, 0x000000070ab00000|  0%| F|  |TAMS 0x000000070aa00000, 0x000000070aa00000| Untracked 
| 135|0x000000070ab00000, 0x000000070ab00000, 0x000000070ac00000|  0%| F|  |TAMS 0x000000070ab00000, 0x000000070ab00000| Untracked 
| 136|0x000000070ac00000, 0x000000070ac00000, 0x000000070ad00000|  0%| F|  |TAMS 0x000000070ac00000, 0x000000070ac00000| Untracked 
| 137|0x000000070ad00000, 0x000000070ad00000, 0x000000070ae00000|  0%| F|  |TAMS 0x000000070ad00000, 0x000000070ad00000| Untracked 
| 138|0x000000070ae00000, 0x000000070ae00000, 0x000000070af00000|  0%| F|  |TAMS 0x000000070ae00000, 0x000000070ae00000| Untracked 
| 139|0x000000070af00000, 0x000000070af00000, 0x000000070b000000|  0%| F|  |TAMS 0x000000070af00000, 0x000000070af00000| Untracked 
| 140|0x000000070b000000, 0x000000070b000000, 0x000000070b100000|  0%| F|  |TAMS 0x000000070b000000, 0x000000070b000000| Untracked 
| 141|0x000000070b100000, 0x000000070b100000, 0x000000070b200000|  0%| F|  |TAMS 0x000000070b100000, 0x000000070b100000| Untracked 
| 142|0x000000070b200000, 0x000000070b200000, 0x000000070b300000|  0%| F|  |TAMS 0x000000070b200000, 0x000000070b200000| Untracked 
| 143|0x000000070b300000, 0x000000070b300000, 0x000000070b400000|  0%| F|  |TAMS 0x000000070b300000, 0x000000070b300000| Untracked 
| 144|0x000000070b400000, 0x000000070b400000, 0x000000070b500000|  0%| F|  |TAMS 0x000000070b400000, 0x000000070b400000| Untracked 
| 145|0x000000070b500000, 0x000000070b500000, 0x000000070b600000|  0%| F|  |TAMS 0x000000070b500000, 0x000000070b500000| Untracked 
| 146|0x000000070b600000, 0x000000070b600000, 0x000000070b700000|  0%| F|  |TAMS 0x000000070b600000, 0x000000070b600000| Untracked 
| 147|0x000000070b700000, 0x000000070b700000, 0x000000070b800000|  0%| F|  |TAMS 0x000000070b700000, 0x000000070b700000| Untracked 
| 148|0x000000070b800000, 0x000000070b800000, 0x000000070b900000|  0%| F|  |TAMS 0x000000070b800000, 0x000000070b800000| Untracked 
| 149|0x000000070b900000, 0x000000070b900000, 0x000000070ba00000|  0%| F|  |TAMS 0x000000070b900000, 0x000000070b900000| Untracked 
| 150|0x000000070ba00000, 0x000000070ba00000, 0x000000070bb00000|  0%| F|  |TAMS 0x000000070ba00000, 0x000000070ba00000| Untracked 
| 151|0x000000070bb00000, 0x000000070bb00000, 0x000000070bc00000|  0%| F|  |TAMS 0x000000070bb00000, 0x000000070bb00000| Untracked 
| 152|0x000000070bc00000, 0x000000070bc00000, 0x000000070bd00000|  0%| F|  |TAMS 0x000000070bc00000, 0x000000070bc00000| Untracked 
| 153|0x000000070bd00000, 0x000000070bd00000, 0x000000070be00000|  0%| F|  |TAMS 0x000000070bd00000, 0x000000070bd00000| Untracked 
| 154|0x000000070be00000, 0x000000070be00000, 0x000000070bf00000|  0%| F|  |TAMS 0x000000070be00000, 0x000000070be00000| Untracked 
| 155|0x000000070bf00000, 0x000000070bf00000, 0x000000070c000000|  0%| F|  |TAMS 0x000000070bf00000, 0x000000070bf00000| Untracked 
| 156|0x000000070c000000, 0x000000070c000000, 0x000000070c100000|  0%| F|  |TAMS 0x000000070c000000, 0x000000070c000000| Untracked 
| 157|0x000000070c100000, 0x000000070c100000, 0x000000070c200000|  0%| F|  |TAMS 0x000000070c100000, 0x000000070c100000| Untracked 
| 158|0x000000070c200000, 0x000000070c200000, 0x000000070c300000|  0%| F|  |TAMS 0x000000070c200000, 0x000000070c200000| Untracked 
| 159|0x000000070c300000, 0x000000070c300000, 0x000000070c400000|  0%| F|  |TAMS 0x000000070c300000, 0x000000070c300000| Untracked 
| 160|0x000000070c400000, 0x000000070c400000, 0x000000070c500000|  0%| F|  |TAMS 0x000000070c400000, 0x000000070c400000| Untracked 
| 161|0x000000070c500000, 0x000000070c500000, 0x000000070c600000|  0%| F|  |TAMS 0x000000070c500000, 0x000000070c500000| Untracked 
| 162|0x000000070c600000, 0x000000070c600000, 0x000000070c700000|  0%| F|  |TAMS 0x000000070c600000, 0x000000070c600000| Untracked 
| 163|0x000000070c700000, 0x000000070c700000, 0x000000070c800000|  0%| F|  |TAMS 0x000000070c700000, 0x000000070c700000| Untracked 
| 164|0x000000070c800000, 0x000000070c800000, 0x000000070c900000|  0%| F|  |TAMS 0x000000070c800000, 0x000000070c800000| Untracked 
| 165|0x000000070c900000, 0x000000070c900000, 0x000000070ca00000|  0%| F|  |TAMS 0x000000070c900000, 0x000000070c900000| Untracked 
| 166|0x000000070ca00000, 0x000000070ca00000, 0x000000070cb00000|  0%| F|  |TAMS 0x000000070ca00000, 0x000000070ca00000| Untracked 
| 167|0x000000070cb00000, 0x000000070cb00000, 0x000000070cc00000|  0%| F|  |TAMS 0x000000070cb00000, 0x000000070cb00000| Untracked 
| 168|0x000000070cc00000, 0x000000070cc00000, 0x000000070cd00000|  0%| F|  |TAMS 0x000000070cc00000, 0x000000070cc00000| Untracked 
| 169|0x000000070cd00000, 0x000000070cd00000, 0x000000070ce00000|  0%| F|  |TAMS 0x000000070cd00000, 0x000000070cd00000| Untracked 
| 170|0x000000070ce00000, 0x000000070ce00000, 0x000000070cf00000|  0%| F|  |TAMS 0x000000070ce00000, 0x000000070ce00000| Untracked 
| 171|0x000000070cf00000, 0x000000070cf00000, 0x000000070d000000|  0%| F|  |TAMS 0x000000070cf00000, 0x000000070cf00000| Untracked 
| 172|0x000000070d000000, 0x000000070d000000, 0x000000070d100000|  0%| F|  |TAMS 0x000000070d000000, 0x000000070d000000| Untracked 
| 173|0x000000070d100000, 0x000000070d100000, 0x000000070d200000|  0%| F|  |TAMS 0x000000070d100000, 0x000000070d100000| Untracked 
| 174|0x000000070d200000, 0x000000070d200000, 0x000000070d300000|  0%| F|  |TAMS 0x000000070d200000, 0x000000070d200000| Untracked 
| 175|0x000000070d300000, 0x000000070d300000, 0x000000070d400000|  0%| F|  |TAMS 0x000000070d300000, 0x000000070d300000| Untracked 
| 176|0x000000070d400000, 0x000000070d400000, 0x000000070d500000|  0%| F|  |TAMS 0x000000070d400000, 0x000000070d400000| Untracked 
| 177|0x000000070d500000, 0x000000070d500000, 0x000000070d600000|  0%| F|  |TAMS 0x000000070d500000, 0x000000070d500000| Untracked 
| 178|0x000000070d600000, 0x000000070d600000, 0x000000070d700000|  0%| F|  |TAMS 0x000000070d600000, 0x000000070d600000| Untracked 
| 179|0x000000070d700000, 0x000000070d700000, 0x000000070d800000|  0%| F|  |TAMS 0x000000070d700000, 0x000000070d700000| Untracked 
| 180|0x000000070d800000, 0x000000070d800000, 0x000000070d900000|  0%| F|  |TAMS 0x000000070d800000, 0x000000070d800000| Untracked 
| 181|0x000000070d900000, 0x000000070d900000, 0x000000070da00000|  0%| F|  |TAMS 0x000000070d900000, 0x000000070d900000| Untracked 
| 182|0x000000070da00000, 0x000000070da00000, 0x000000070db00000|  0%| F|  |TAMS 0x000000070da00000, 0x000000070da00000| Untracked 
| 183|0x000000070db00000, 0x000000070db00000, 0x000000070dc00000|  0%| F|  |TAMS 0x000000070db00000, 0x000000070db00000| Untracked 
| 184|0x000000070dc00000, 0x000000070dc00000, 0x000000070dd00000|  0%| F|  |TAMS 0x000000070dc00000, 0x000000070dc00000| Untracked 
| 185|0x000000070dd00000, 0x000000070dd00000, 0x000000070de00000|  0%| F|  |TAMS 0x000000070dd00000, 0x000000070dd00000| Untracked 
| 186|0x000000070de00000, 0x000000070de00000, 0x000000070df00000|  0%| F|  |TAMS 0x000000070de00000, 0x000000070de00000| Untracked 
| 187|0x000000070df00000, 0x000000070df00000, 0x000000070e000000|  0%| F|  |TAMS 0x000000070df00000, 0x000000070df00000| Untracked 
| 188|0x000000070e000000, 0x000000070e000000, 0x000000070e100000|  0%| F|  |TAMS 0x000000070e000000, 0x000000070e000000| Untracked 
| 189|0x000000070e100000, 0x000000070e100000, 0x000000070e200000|  0%| F|  |TAMS 0x000000070e100000, 0x000000070e100000| Untracked 
| 190|0x000000070e200000, 0x000000070e200000, 0x000000070e300000|  0%| F|  |TAMS 0x000000070e200000, 0x000000070e200000| Untracked 
| 191|0x000000070e300000, 0x000000070e300000, 0x000000070e400000|  0%| F|  |TAMS 0x000000070e300000, 0x000000070e300000| Untracked 
| 192|0x000000070e400000, 0x000000070e400000, 0x000000070e500000|  0%| F|  |TAMS 0x000000070e400000, 0x000000070e400000| Untracked 
| 193|0x000000070e500000, 0x000000070e500000, 0x000000070e600000|  0%| F|  |TAMS 0x000000070e500000, 0x000000070e500000| Untracked 
| 194|0x000000070e600000, 0x000000070e600000, 0x000000070e700000|  0%| F|  |TAMS 0x000000070e600000, 0x000000070e600000| Untracked 
| 195|0x000000070e700000, 0x000000070e700000, 0x000000070e800000|  0%| F|  |TAMS 0x000000070e700000, 0x000000070e700000| Untracked 
| 196|0x000000070e800000, 0x000000070e800000, 0x000000070e900000|  0%| F|  |TAMS 0x000000070e800000, 0x000000070e800000| Untracked 
| 197|0x000000070e900000, 0x000000070e900000, 0x000000070ea00000|  0%| F|  |TAMS 0x000000070e900000, 0x000000070e900000| Untracked 
| 198|0x000000070ea00000, 0x000000070ea00000, 0x000000070eb00000|  0%| F|  |TAMS 0x000000070ea00000, 0x000000070ea00000| Untracked 
| 199|0x000000070eb00000, 0x000000070eb00000, 0x000000070ec00000|  0%| F|  |TAMS 0x000000070eb00000, 0x000000070eb00000| Untracked 
| 200|0x000000070ec00000, 0x000000070ec00000, 0x000000070ed00000|  0%| F|  |TAMS 0x000000070ec00000, 0x000000070ec00000| Untracked 
| 201|0x000000070ed00000, 0x000000070ed00000, 0x000000070ee00000|  0%| F|  |TAMS 0x000000070ed00000, 0x000000070ed00000| Untracked 
| 202|0x000000070ee00000, 0x000000070ee00000, 0x000000070ef00000|  0%| F|  |TAMS 0x000000070ee00000, 0x000000070ee00000| Untracked 
| 203|0x000000070ef00000, 0x000000070ef00000, 0x000000070f000000|  0%| F|  |TAMS 0x000000070ef00000, 0x000000070ef00000| Untracked 
| 204|0x000000070f000000, 0x000000070f000000, 0x000000070f100000|  0%| F|  |TAMS 0x000000070f000000, 0x000000070f000000| Untracked 
| 205|0x000000070f100000, 0x000000070f100000, 0x000000070f200000|  0%| F|  |TAMS 0x000000070f100000, 0x000000070f100000| Untracked 
| 206|0x000000070f200000, 0x000000070f200000, 0x000000070f300000|  0%| F|  |TAMS 0x000000070f200000, 0x000000070f200000| Untracked 
| 207|0x000000070f300000, 0x000000070f300000, 0x000000070f400000|  0%| F|  |TAMS 0x000000070f300000, 0x000000070f300000| Untracked 
| 208|0x000000070f400000, 0x000000070f400000, 0x000000070f500000|  0%| F|  |TAMS 0x000000070f400000, 0x000000070f400000| Untracked 
| 209|0x000000070f500000, 0x000000070f500000, 0x000000070f600000|  0%| F|  |TAMS 0x000000070f500000, 0x000000070f500000| Untracked 
| 210|0x000000070f600000, 0x000000070f600000, 0x000000070f700000|  0%| F|  |TAMS 0x000000070f600000, 0x000000070f600000| Untracked 
| 211|0x000000070f700000, 0x000000070f700000, 0x000000070f800000|  0%| F|  |TAMS 0x000000070f700000, 0x000000070f700000| Untracked 
| 212|0x000000070f800000, 0x000000070f800000, 0x000000070f900000|  0%| F|  |TAMS 0x000000070f800000, 0x000000070f800000| Untracked 
| 213|0x000000070f900000, 0x000000070f900000, 0x000000070fa00000|  0%| F|  |TAMS 0x000000070f900000, 0x000000070f900000| Untracked 
| 214|0x000000070fa00000, 0x000000070fa00000, 0x000000070fb00000|  0%| F|  |TAMS 0x000000070fa00000, 0x000000070fa00000| Untracked 
| 215|0x000000070fb00000, 0x000000070fb00000, 0x000000070fc00000|  0%| F|  |TAMS 0x000000070fb00000, 0x000000070fb00000| Untracked 
| 216|0x000000070fc00000, 0x000000070fc60240, 0x000000070fd00000| 37%| S|CS|TAMS 0x000000070fc00000, 0x000000070fc00000| Complete 
| 217|0x000000070fd00000, 0x000000070fe00000, 0x000000070fe00000|100%| S|CS|TAMS 0x000000070fd00000, 0x000000070fd00000| Complete 
| 218|0x000000070fe00000, 0x000000070ff00000, 0x000000070ff00000|100%| S|CS|TAMS 0x000000070fe00000, 0x000000070fe00000| Complete 
| 219|0x000000070ff00000, 0x0000000710000000, 0x0000000710000000|100%| S|CS|TAMS 0x000000070ff00000, 0x000000070ff00000| Complete 
| 220|0x0000000710000000, 0x0000000710100000, 0x0000000710100000|100%| S|CS|TAMS 0x0000000710000000, 0x0000000710000000| Complete 
| 221|0x0000000710100000, 0x0000000710200000, 0x0000000710200000|100%| S|CS|TAMS 0x0000000710100000, 0x0000000710100000| Complete 
| 222|0x0000000710200000, 0x0000000710300000, 0x0000000710300000|100%| S|CS|TAMS 0x0000000710200000, 0x0000000710200000| Complete 
| 223|0x0000000710300000, 0x0000000710300000, 0x0000000710400000|  0%| F|  |TAMS 0x0000000710300000, 0x0000000710300000| Untracked 
| 224|0x0000000710400000, 0x0000000710400000, 0x0000000710500000|  0%| F|  |TAMS 0x0000000710400000, 0x0000000710400000| Untracked 
| 225|0x0000000710500000, 0x0000000710500000, 0x0000000710600000|  0%| F|  |TAMS 0x0000000710500000, 0x0000000710500000| Untracked 
| 226|0x0000000710600000, 0x0000000710600000, 0x0000000710700000|  0%| F|  |TAMS 0x0000000710600000, 0x0000000710600000| Untracked 
| 227|0x0000000710700000, 0x0000000710700000, 0x0000000710800000|  0%| F|  |TAMS 0x0000000710700000, 0x0000000710700000| Untracked 
| 228|0x0000000710800000, 0x0000000710800000, 0x0000000710900000|  0%| F|  |TAMS 0x0000000710800000, 0x0000000710800000| Untracked 
| 229|0x0000000710900000, 0x0000000710900000, 0x0000000710a00000|  0%| F|  |TAMS 0x0000000710900000, 0x0000000710900000| Untracked 
| 230|0x0000000710a00000, 0x0000000710a00000, 0x0000000710b00000|  0%| F|  |TAMS 0x0000000710a00000, 0x0000000710a00000| Untracked 
| 231|0x0000000710b00000, 0x0000000710b00000, 0x0000000710c00000|  0%| F|  |TAMS 0x0000000710b00000, 0x0000000710b00000| Untracked 
| 232|0x0000000710c00000, 0x0000000710c00000, 0x0000000710d00000|  0%| F|  |TAMS 0x0000000710c00000, 0x0000000710c00000| Untracked 
| 233|0x0000000710d00000, 0x0000000710d00000, 0x0000000710e00000|  0%| F|  |TAMS 0x0000000710d00000, 0x0000000710d00000| Untracked 
| 234|0x0000000710e00000, 0x0000000710e00000, 0x0000000710f00000|  0%| F|  |TAMS 0x0000000710e00000, 0x0000000710e00000| Untracked 
| 235|0x0000000710f00000, 0x0000000710f00000, 0x0000000711000000|  0%| F|  |TAMS 0x0000000710f00000, 0x0000000710f00000| Untracked 
| 236|0x0000000711000000, 0x0000000711000000, 0x0000000711100000|  0%| F|  |TAMS 0x0000000711000000, 0x0000000711000000| Untracked 
| 237|0x0000000711100000, 0x0000000711100000, 0x0000000711200000|  0%| F|  |TAMS 0x0000000711100000, 0x0000000711100000| Untracked 
| 238|0x0000000711200000, 0x0000000711200000, 0x0000000711300000|  0%| F|  |TAMS 0x0000000711200000, 0x0000000711200000| Untracked 
| 239|0x0000000711300000, 0x0000000711400000, 0x0000000711400000|100%| E|  |TAMS 0x0000000711300000, 0x0000000711300000| Complete 
| 240|0x0000000711400000, 0x0000000711500000, 0x0000000711500000|100%| E|CS|TAMS 0x0000000711400000, 0x0000000711400000| Complete 
| 241|0x0000000711500000, 0x0000000711600000, 0x0000000711600000|100%| E|CS|TAMS 0x0000000711500000, 0x0000000711500000| Complete 
| 242|0x0000000711600000, 0x0000000711700000, 0x0000000711700000|100%| E|CS|TAMS 0x0000000711600000, 0x0000000711600000| Complete 
| 243|0x0000000711700000, 0x0000000711800000, 0x0000000711800000|100%| E|CS|TAMS 0x0000000711700000, 0x0000000711700000| Complete 
| 244|0x0000000711800000, 0x0000000711900000, 0x0000000711900000|100%| E|CS|TAMS 0x0000000711800000, 0x0000000711800000| Complete 
| 245|0x0000000711900000, 0x0000000711a00000, 0x0000000711a00000|100%| E|CS|TAMS 0x0000000711900000, 0x0000000711900000| Complete 
| 246|0x0000000711a00000, 0x0000000711b00000, 0x0000000711b00000|100%| E|CS|TAMS 0x0000000711a00000, 0x0000000711a00000| Complete 
| 247|0x0000000711b00000, 0x0000000711c00000, 0x0000000711c00000|100%| E|CS|TAMS 0x0000000711b00000, 0x0000000711b00000| Complete 
| 248|0x0000000711c00000, 0x0000000711d00000, 0x0000000711d00000|100%| E|CS|TAMS 0x0000000711c00000, 0x0000000711c00000| Complete 
| 249|0x0000000711d00000, 0x0000000711e00000, 0x0000000711e00000|100%| E|CS|TAMS 0x0000000711d00000, 0x0000000711d00000| Complete 
| 250|0x0000000711e00000, 0x0000000711f00000, 0x0000000711f00000|100%| E|CS|TAMS 0x0000000711e00000, 0x0000000711e00000| Complete 
| 251|0x0000000711f00000, 0x0000000712000000, 0x0000000712000000|100%| E|CS|TAMS 0x0000000711f00000, 0x0000000711f00000| Complete 
| 252|0x0000000712000000, 0x0000000712100000, 0x0000000712100000|100%| E|CS|TAMS 0x0000000712000000, 0x0000000712000000| Complete 
| 253|0x0000000712100000, 0x0000000712200000, 0x0000000712200000|100%| E|CS|TAMS 0x0000000712100000, 0x0000000712100000| Complete 

Card table byte_map: [0x000001f7eacb0000,0x000001f7eb4a0000] _byte_map_base: 0x000001f7e749e000

Marking Bits (Prev, Next): (CMBitMap*) 0x000001f7d29bc330, (CMBitMap*) 0x000001f7d29bc2f8
 Prev Bits: [0x000001f7efc00000, 0x000001f7f3b70000)
 Next Bits: [0x000001f7ebc90000, 0x000001f7efc00000)

Polling page: 0x000001f7d06d0000

Metaspace:

Usage:
  Non-class:     18.70 MB capacity,    18.31 MB ( 98%) used,   323.33 KB (  2%) free+waste,    75.81 KB ( <1%) overhead. 
      Class:      2.88 MB capacity,     2.57 MB ( 89%) used,   282.34 KB ( 10%) free+waste,    39.81 KB (  1%) overhead. 
       Both:     21.58 MB capacity,    20.88 MB ( 97%) used,   605.67 KB (  3%) free+waste,   115.63 KB ( <1%) overhead. 

Virtual space:
  Non-class space:       20.00 MB reserved,      18.92 MB ( 95%) committed 
      Class space:        1.00 GB reserved,       3.00 MB ( <1%) committed 
             Both:        1.02 GB reserved,      21.92 MB (  2%) committed 

Chunk freelists:
   Non-Class:  98.00 KB
       Class:  24.00 KB
        Both:  122.00 KB

CodeHeap 'non-profiled nmethods': size=120000Kb used=1028Kb max_used=1028Kb free=118971Kb
 bounds [0x000001f7e2a40000, 0x000001f7e2cb0000, 0x000001f7e9f70000]
CodeHeap 'profiled nmethods': size=120000Kb used=5004Kb max_used=5004Kb free=114995Kb
 bounds [0x000001f7db510000, 0x000001f7dba00000, 0x000001f7e2a40000]
CodeHeap 'non-nmethods': size=5760Kb used=1344Kb max_used=1385Kb free=4416Kb
 bounds [0x000001f7daf70000, 0x000001f7db1e0000, 0x000001f7db510000]
 total_blobs=3833 nmethods=2587 adapters=666
 compilation: enabled
              stopped_count=0, restarted_count=0
 full_count=0

Compilation events (10 events):
Event: 4.243 Thread 0x000001f7f71d1000 nmethod 2453 0x000001f7db994d10 code [0x000001f7db994ee0, 0x000001f7db995270]
Event: 4.243 Thread 0x000001f7f71d1000 2454       3       com.sun.javafx.geom.Path2D::curveTo (150 bytes)
Event: 4.243 Thread 0x000001f7f71d1000 nmethod 2454 0x000001f7db995390 code [0x000001f7db995560, 0x000001f7db9958b0]
Event: 4.243 Thread 0x000001f7f71d1000 2456       3       com.sun.marlin.DStroker::_moveTo (60 bytes)
Event: 4.244 Thread 0x000001f7f71d1000 nmethod 2456 0x000001f7db995a90 code [0x000001f7db995c60, 0x000001f7db995ef0]
Event: 4.244 Thread 0x000001f7f71d1000 2457       3       java.lang.Double::isFinite (17 bytes)
Event: 4.244 Thread 0x000001f7f71d1000 nmethod 2457 0x000001f7db995f90 code [0x000001f7db996180, 0x000001f7db996358]
Event: 4.244 Thread 0x000001f7f71d1000 2458       3       com.sun.javafx.geom.RectBounds::getHeight (10 bytes)
Event: 4.244 Thread 0x000001f7f71d1000 nmethod 2458 0x000001f7db996410 code [0x000001f7db9965c0, 0x000001f7db996738]
Event: 4.244 Thread 0x000001f7f71d1000 2459       3       java.util.EnumSet::noneOf (63 bytes)

GC Heap History (4 events):
Event: 0.748 GC heap before
{Heap before GC invocations=0 (full 0):
 garbage-first heap   total 260096K, used 23552K [0x0000000702400000, 0x0000000800000000)
  region size 1024K, 24 young (24576K), 0 survivors (0K)
 Metaspace       used 12633K, capacity 12990K, committed 13056K, reserved 1060864K
  class space    used 1364K, capacity 1514K, committed 1536K, reserved 1048576K
}
Event: 0.750 GC heap after
{Heap after GC invocations=1 (full 0):
 garbage-first heap   total 260096K, used 3317K [0x0000000702400000, 0x0000000800000000)
  region size 1024K, 3 young (3072K), 3 survivors (3072K)
 Metaspace       used 12633K, capacity 12990K, committed 13056K, reserved 1060864K
  class space    used 1364K, capacity 1514K, committed 1536K, reserved 1048576K
}
Event: 3.016 GC heap before
{Heap before GC invocations=1 (full 0):
 garbage-first heap   total 260096K, used 33013K [0x0000000702400000, 0x0000000800000000)
  region size 1024K, 31 young (31744K), 3 survivors (3072K)
 Metaspace       used 20418K, capacity 21064K, committed 21296K, reserved 1067008K
  class space    used 2523K, capacity 2821K, committed 2944K, reserved 1048576K
}
Event: 3.024 GC heap after
{Heap after GC invocations=2 (full 0):
 garbage-first heap   total 260096K, used 8821K [0x0000000702400000, 0x0000000800000000)
  region size 1024K, 7 young (7168K), 7 survivors (7168K)
 Metaspace       used 20418K, capacity 21064K, committed 21296K, reserved 1067008K
  class space    used 2523K, capacity 2821K, committed 2944K, reserved 1048576K
}

Deoptimization events (10 events):
Event: 4.158 Thread 0x000001f7f76a9000 DEOPT PACKING pc=0x000001f7e2b1267c sp=0x0000001e561fc090
Event: 4.158 Thread 0x000001f7f76a9000 DEOPT UNPACKING pc=0x000001f7daf991af sp=0x0000001e561fc058 mode 2
Event: 4.158 Thread 0x000001f7f76a9000 Uncommon trap: trap_request=0xffffffde fr.pc=0x000001f7e2b1267c relative=0x00000000000010dc
Event: 4.158 Thread 0x000001f7f76a9000 Uncommon trap: reason=class_check action=maybe_recompile pc=0x000001f7e2b1267c method=javafx.scene.Node.updateLocalToParentTransform()V @ 11 c2
Event: 4.158 Thread 0x000001f7f76a9000 DEOPT PACKING pc=0x000001f7e2b1267c sp=0x0000001e561fc090
Event: 4.158 Thread 0x000001f7f76a9000 DEOPT UNPACKING pc=0x000001f7daf991af sp=0x0000001e561fc058 mode 2
Event: 4.215 Thread 0x000001f7f76a9000 Uncommon trap: trap_request=0xffffffcc fr.pc=0x000001f7e2b38458 relative=0x00000000000001b8
Event: 4.215 Thread 0x000001f7f76a9000 Uncommon trap: reason=intrinsic_or_type_checked_inlining action=make_not_entrant pc=0x000001f7e2b38458 method=java.util.Vector.toArray([Ljava/lang/Object;)[Ljava/lang/Object; @ 36 c2
Event: 4.215 Thread 0x000001f7f76a9000 DEOPT PACKING pc=0x000001f7e2b38458 sp=0x0000001e561fbb50
Event: 4.215 Thread 0x000001f7f76a9000 DEOPT UNPACKING pc=0x000001f7daf991af sp=0x0000001e561fbaf0 mode 2

Classes redefined (0 events):
No events

Internal exceptions (10 events):
Event: 0.969 Thread 0x000001f7f76a9000 Implicit null exception at 0x000001f7e2a666af to 0x000001f7e2a66729
Event: 1.059 Thread 0x000001f7f76a9000 Exception <a 'java/io/FileNotFoundException'{0x000000071106ee30}> (0x000000071106ee30) thrown at [c:/cygwin64/tmp/openjdk-jdk11u-windows-x64-hotspot/workspace/build/src/src/hotspot/share/prims/jni.cpp, line 615]
Event: 1.126 Thread 0x000001f7f76a9000 Exception <a 'java/lang/NoSuchMethodError'{0x0000000710ef50b0}: 'java.lang.Object java.lang.invoke.Invokers$Holder.linkToTargetMethod(java.lang.Object, int, java.lang.Object)'> (0x0000000710ef50b0) thrown at [c:/cygwin64/tmp/openjdk-jdk11u-windows-x64-hot
Event: 1.142 Thread 0x000001f7f76a9000 Exception <a 'java/lang/NoSuchMethodError'{0x0000000710d69c00}: 'java.lang.Object java.lang.invoke.DirectMethodHandle$Holder.invokeInterface(java.lang.Object, java.lang.Object, java.lang.Object)'> (0x0000000710d69c00) thrown at [c:/cygwin64/tmp/openjdk-jd
Event: 1.142 Thread 0x000001f7f76a9000 Exception <a 'java/lang/IncompatibleClassChangeError'{0x0000000710d6cdb8}: Found class java.lang.Object, but interface was expected> (0x0000000710d6cdb8) thrown at [c:/cygwin64/tmp/openjdk-jdk11u-windows-x64-hotspot/workspace/build/src/src/hotspot/share/i
Event: 1.227 Thread 0x000001f7f7f5a800 Exception <a 'java/lang/NoSuchMethodError'{0x0000000710a19b50}: 'int java.lang.invoke.DirectMethodHandle$Holder.invokeStaticInit(java.lang.Object, java.lang.Object)'> (0x0000000710a19b50) thrown at [c:/cygwin64/tmp/openjdk-jdk11u-windows-x64-hotspot/works
Event: 2.897 Thread 0x000001f7f76a9000 Exception <a 'java/lang/NoSuchMethodError'{0x00000007106f46f0}: 'long java.lang.invoke.DirectMethodHandle$Holder.invokeStaticInit(java.lang.Object, java.lang.Object, java.lang.Object)'> (0x00000007106f46f0) thrown at [c:/cygwin64/tmp/openjdk-jdk11u-window
Event: 2.898 Thread 0x000001f7f76a9000 Exception <a 'java/lang/NoSuchMethodError'{0x000000071050d1f0}: 'java.lang.Object java.lang.invoke.DirectMethodHandle$Holder.invokeStatic(java.lang.Object, java.lang.Object, long)'> (0x000000071050d1f0) thrown at [c:/cygwin64/tmp/openjdk-jdk11u-windows-x6
Event: 2.898 Thread 0x000001f7f76a9000 Exception <a 'java/lang/NoSuchMethodError'{0x0000000710513368}: 'java.lang.Object java.lang.invoke.Invokers$Holder.linkToTargetMethod(java.lang.Object, long, java.lang.Object)'> (0x0000000710513368) thrown at [c:/cygwin64/tmp/openjdk-jdk11u-windows-x64-ho
Event: 4.090 Thread 0x000001f7f76a9000 Exception <a 'java/lang/NoSuchMethodError'{0x0000000711f59a68}: 'void java.lang.invoke.DirectMethodHandle$Holder.invokeSpecial(java.lang.Object, java.lang.Object, java.lang.Object, java.lang.Object, java.lang.Object, java.lang.Object)'> (0x0000000711f59a6

Events (10 events):
Event: 4.107 Executing VM operation: RevokeBias
Event: 4.108 Executing VM operation: RevokeBias done
Event: 4.115 loading class java/lang/FdLibm$Cbrt
Event: 4.115 loading class java/lang/FdLibm$Cbrt done
Event: 4.181 Thread 0x000001f7f8cee000 Thread added: 0x000001f7f8cee000
Event: 4.194 Thread 0x000001f7f8cef000 Thread added: 0x000001f7f8cef000
Event: 4.202 Executing VM operation: ICBufferFull
Event: 4.203 Executing VM operation: ICBufferFull done
Event: 4.215 Executing VM operation: RevokeBias
Event: 4.215 Executing VM operation: RevokeBias done


Dynamic libraries:
0x00007ff6499a0000 - 0x00007ff6499ea000 	C:\Program Files\AdoptOpenJDK\jdk-11.0.4.11-hotspot\bin\javaw.exe
0x00007ffef9aa0000 - 0x00007ffef9c90000 	C:\WINDOWS\SYSTEM32\ntdll.dll
0x00007ffef8420000 - 0x00007ffef84d2000 	C:\WINDOWS\System32\KERNEL32.DLL
0x00007ffef7500000 - 0x00007ffef77a5000 	C:\WINDOWS\System32\KERNELBASE.dll
0x00007ffef9630000 - 0x00007ffef97c4000 	C:\WINDOWS\System32\USER32.dll
0x00007ffef79d0000 - 0x00007ffef79f1000 	C:\WINDOWS\System32\win32u.dll
0x00007ffef9600000 - 0x00007ffef9626000 	C:\WINDOWS\System32\GDI32.dll
0x00007ffef6a00000 - 0x00007ffef6b96000 	C:\WINDOWS\System32\gdi32full.dll
0x00007ffef7a80000 - 0x00007ffef7b1e000 	C:\WINDOWS\System32\msvcp_win.dll
0x00007ffef78b0000 - 0x00007ffef79aa000 	C:\WINDOWS\System32\ucrtbase.dll
0x00007ffee9ab0000 - 0x00007ffee9d34000 	C:\WINDOWS\WinSxS\amd64_microsoft.windows.common-controls_6595b64144ccf1df_6.0.18362.1139_none_9e7bf2d3e4605ac6\COMCTL32.dll
0x00007ffef7b40000 - 0x00007ffef7bde000 	C:\WINDOWS\System32\msvcrt.dll
0x00007ffef8aa0000 - 0x00007ffef8dd5000 	C:\WINDOWS\System32\combase.dll
0x00007ffef82d0000 - 0x00007ffef83f0000 	C:\WINDOWS\System32\RPCRT4.dll
0x00007ffef7a00000 - 0x00007ffef7a80000 	C:\WINDOWS\System32\bcryptPrimitives.dll
0x00007ffef83f0000 - 0x00007ffef841e000 	C:\WINDOWS\System32\IMM32.DLL
0x00007ffec9920000 - 0x00007ffec9936000 	C:\Program Files\AdoptOpenJDK\jdk-11.0.4.11-hotspot\bin\vcruntime140.dll
0x00007ffeba4e0000 - 0x00007ffeba57b000 	C:\Program Files\AdoptOpenJDK\jdk-11.0.4.11-hotspot\bin\msvcp140.dll
0x00007ffe941a0000 - 0x00007ffe94c56000 	C:\Program Files\AdoptOpenJDK\jdk-11.0.4.11-hotspot\bin\server\jvm.dll
0x00007ffef9980000 - 0x00007ffef9a23000 	C:\WINDOWS\System32\ADVAPI32.dll
0x00007ffef8e40000 - 0x00007ffef8ed7000 	C:\WINDOWS\System32\sechost.dll
0x00007ffef8980000 - 0x00007ffef8988000 	C:\WINDOWS\System32\PSAPI.DLL
0x00007ffeeb0f0000 - 0x00007ffeeb114000 	C:\WINDOWS\SYSTEM32\WINMM.dll
0x00007ffef0770000 - 0x00007ffef077a000 	C:\WINDOWS\SYSTEM32\VERSION.dll
0x00007ffee7570000 - 0x00007ffee7579000 	C:\WINDOWS\SYSTEM32\WSOCK32.dll
0x00007ffef8910000 - 0x00007ffef897f000 	C:\WINDOWS\System32\WS2_32.dll
0x00007ffeeb000000 - 0x00007ffeeb02d000 	C:\WINDOWS\SYSTEM32\WINMMBASE.dll
0x00007ffef7860000 - 0x00007ffef78aa000 	C:\WINDOWS\System32\cfgmgr32.dll
0x00007ffef6940000 - 0x00007ffef6951000 	C:\WINDOWS\System32\kernel.appcore.dll
0x00007ffef0700000 - 0x00007ffef0710000 	C:\Program Files\AdoptOpenJDK\jdk-11.0.4.11-hotspot\bin\verify.dll
0x00007ffef5240000 - 0x00007ffef5434000 	C:\WINDOWS\SYSTEM32\DBGHELP.DLL
0x00007ffeee8e0000 - 0x00007ffeee90a000 	C:\WINDOWS\SYSTEM32\dbgcore.DLL
0x00007ffee5180000 - 0x00007ffee51a8000 	C:\Program Files\AdoptOpenJDK\jdk-11.0.4.11-hotspot\bin\java.dll
0x00007ffee5160000 - 0x00007ffee5176000 	C:\Program Files\AdoptOpenJDK\jdk-11.0.4.11-hotspot\bin\zip.dll
0x00007ffef0330000 - 0x00007ffef033a000 	C:\Program Files\AdoptOpenJDK\jdk-11.0.4.11-hotspot\bin\jimage.dll
0x00007ffef7be0000 - 0x00007ffef82c7000 	C:\WINDOWS\System32\SHELL32.dll
0x00007ffef8990000 - 0x00007ffef8a39000 	C:\WINDOWS\System32\shcore.dll
0x00007ffef6ba0000 - 0x00007ffef7320000 	C:\WINDOWS\System32\windows.storage.dll
0x00007ffef69b0000 - 0x00007ffef69d3000 	C:\WINDOWS\System32\profapi.dll
0x00007ffef6960000 - 0x00007ffef69aa000 	C:\WINDOWS\System32\powrprof.dll
0x00007ffef6930000 - 0x00007ffef6940000 	C:\WINDOWS\System32\UMPDC.dll
0x00007ffef8a40000 - 0x00007ffef8a92000 	C:\WINDOWS\System32\shlwapi.dll
0x00007ffef79b0000 - 0x00007ffef79c7000 	C:\WINDOWS\System32\cryptsp.dll
0x00007ffee5140000 - 0x00007ffee5159000 	C:\Program Files\AdoptOpenJDK\jdk-11.0.4.11-hotspot\bin\net.dll
0x00007ffee8d30000 - 0x00007ffee8f06000 	C:\WINDOWS\SYSTEM32\urlmon.dll
0x00007ffef0060000 - 0x00007ffef0150000 	C:\WINDOWS\SYSTEM32\WINHTTP.dll
0x00007ffee8700000 - 0x00007ffee89a7000 	C:\WINDOWS\SYSTEM32\iertutil.dll
0x00007ffef6350000 - 0x00007ffef635c000 	C:\WINDOWS\SYSTEM32\CRYPTBASE.DLL
0x00007ffef6180000 - 0x00007ffef61e7000 	C:\WINDOWS\system32\mswsock.dll
0x00007ffedb110000 - 0x00007ffedb122000 	C:\Program Files\AdoptOpenJDK\jdk-11.0.4.11-hotspot\bin\nio.dll
0x000001f7d2890000 - 0x000001f7d2893000 	D:\javafx\javafx-sdk-15.0.1\bin\api-ms-win-core-console-l1-1-0.dll
0x000001f7d28a0000 - 0x000001f7d28a3000 	D:\javafx\javafx-sdk-15.0.1\bin\api-ms-win-core-console-l1-2-0.dll
0x000001f7d28b0000 - 0x000001f7d28b3000 	D:\javafx\javafx-sdk-15.0.1\bin\api-ms-win-core-datetime-l1-1-0.dll
0x000001f7d28c0000 - 0x000001f7d28c3000 	D:\javafx\javafx-sdk-15.0.1\bin\api-ms-win-core-debug-l1-1-0.dll
0x000001f7d28d0000 - 0x000001f7d28d3000 	D:\javafx\javafx-sdk-15.0.1\bin\api-ms-win-core-errorhandling-l1-1-0.dll
0x000001f7d28e0000 - 0x000001f7d28e4000 	D:\javafx\javafx-sdk-15.0.1\bin\api-ms-win-core-file-l1-1-0.dll
0x000001f7d28f0000 - 0x000001f7d28f3000 	D:\javafx\javafx-sdk-15.0.1\bin\api-ms-win-core-file-l1-2-0.dll
0x000001f7d2900000 - 0x000001f7d2903000 	D:\javafx\javafx-sdk-15.0.1\bin\api-ms-win-core-file-l2-1-0.dll
0x000001f7d2910000 - 0x000001f7d2913000 	D:\javafx\javafx-sdk-15.0.1\bin\api-ms-win-core-handle-l1-1-0.dll
0x000001f7d2920000 - 0x000001f7d2923000 	D:\javafx\javafx-sdk-15.0.1\bin\api-ms-win-core-heap-l1-1-0.dll
0x000001f7f8df0000 - 0x000001f7f8df3000 	D:\javafx\javafx-sdk-15.0.1\bin\api-ms-win-core-interlocked-l1-1-0.dll
0x000001f7f8e00000 - 0x000001f7f8e03000 	D:\javafx\javafx-sdk-15.0.1\bin\api-ms-win-core-libraryloader-l1-1-0.dll
0x000001f7f8e10000 - 0x000001f7f8e13000 	D:\javafx\javafx-sdk-15.0.1\bin\api-ms-win-core-localization-l1-2-0.dll
0x000001f7f8e20000 - 0x000001f7f8e23000 	D:\javafx\javafx-sdk-15.0.1\bin\api-ms-win-core-memory-l1-1-0.dll
0x000001f7f8e30000 - 0x000001f7f8e33000 	D:\javafx\javafx-sdk-15.0.1\bin\api-ms-win-core-namedpipe-l1-1-0.dll
0x000001f7f8e40000 - 0x000001f7f8e43000 	D:\javafx\javafx-sdk-15.0.1\bin\api-ms-win-core-processenvironment-l1-1-0.dll
0x000001f7f8e50000 - 0x000001f7f8e53000 	D:\javafx\javafx-sdk-15.0.1\bin\api-ms-win-core-processthreads-l1-1-0.dll
0x000001f7f8e60000 - 0x000001f7f8e63000 	D:\javafx\javafx-sdk-15.0.1\bin\api-ms-win-core-processthreads-l1-1-1.dll
0x000001f7f8e70000 - 0x000001f7f8e73000 	D:\javafx\javafx-sdk-15.0.1\bin\api-ms-win-core-profile-l1-1-0.dll
0x000001f7f8e80000 - 0x000001f7f8e83000 	D:\javafx\javafx-sdk-15.0.1\bin\api-ms-win-core-rtlsupport-l1-1-0.dll
0x000001f7f8e90000 - 0x000001f7f8e93000 	D:\javafx\javafx-sdk-15.0.1\bin\api-ms-win-core-string-l1-1-0.dll
0x000001f7f8ea0000 - 0x000001f7f8ea3000 	D:\javafx\javafx-sdk-15.0.1\bin\api-ms-win-core-synch-l1-1-0.dll
0x000001f7f8eb0000 - 0x000001f7f8eb3000 	D:\javafx\javafx-sdk-15.0.1\bin\api-ms-win-core-synch-l1-2-0.dll
0x000001f7f8ec0000 - 0x000001f7f8ec3000 	D:\javafx\javafx-sdk-15.0.1\bin\api-ms-win-core-sysinfo-l1-1-0.dll
0x000001f7f8ed0000 - 0x000001f7f8ed3000 	D:\javafx\javafx-sdk-15.0.1\bin\api-ms-win-core-timezone-l1-1-0.dll
0x000001f7f8ee0000 - 0x000001f7f8ee3000 	D:\javafx\javafx-sdk-15.0.1\bin\api-ms-win-core-util-l1-1-0.dll
0x000001f7f8ef0000 - 0x000001f7f8ef3000 	D:\javafx\javafx-sdk-15.0.1\bin\api-ms-win-crt-conio-l1-1-0.dll
0x000001f7f8f00000 - 0x000001f7f8f04000 	D:\javafx\javafx-sdk-15.0.1\bin\api-ms-win-crt-convert-l1-1-0.dll
0x000001f7f8f10000 - 0x000001f7f8f13000 	D:\javafx\javafx-sdk-15.0.1\bin\api-ms-win-crt-environment-l1-1-0.dll
0x000001f7f8f20000 - 0x000001f7f8f23000 	D:\javafx\javafx-sdk-15.0.1\bin\api-ms-win-crt-filesystem-l1-1-0.dll
0x000001f7f8f30000 - 0x000001f7f8f33000 	D:\javafx\javafx-sdk-15.0.1\bin\api-ms-win-crt-heap-l1-1-0.dll
0x000001f7f8f40000 - 0x000001f7f8f43000 	D:\javafx\javafx-sdk-15.0.1\bin\api-ms-win-crt-locale-l1-1-0.dll
0x000001f7f8f50000 - 0x000001f7f8f55000 	D:\javafx\javafx-sdk-15.0.1\bin\api-ms-win-crt-math-l1-1-0.dll
0x000001f7f8f60000 - 0x000001f7f8f65000 	D:\javafx\javafx-sdk-15.0.1\bin\api-ms-win-crt-multibyte-l1-1-0.dll
0x000001f7f8f70000 - 0x000001f7f8f80000 	D:\javafx\javafx-sdk-15.0.1\bin\api-ms-win-crt-private-l1-1-0.dll
0x000001f7f8f80000 - 0x000001f7f8f83000 	D:\javafx\javafx-sdk-15.0.1\bin\api-ms-win-crt-process-l1-1-0.dll
0x000001f7f8f90000 - 0x000001f7f8f94000 	D:\javafx\javafx-sdk-15.0.1\bin\api-ms-win-crt-runtime-l1-1-0.dll
0x000001f7f8fa0000 - 0x000001f7f8fa4000 	D:\javafx\javafx-sdk-15.0.1\bin\api-ms-win-crt-stdio-l1-1-0.dll
0x000001f7f8fb0000 - 0x000001f7f8fb4000 	D:\javafx\javafx-sdk-15.0.1\bin\api-ms-win-crt-string-l1-1-0.dll
0x000001f7f8fc0000 - 0x000001f7f8fc3000 	D:\javafx\javafx-sdk-15.0.1\bin\api-ms-win-crt-time-l1-1-0.dll
0x000001f7f8fd0000 - 0x000001f7f8fd3000 	D:\javafx\javafx-sdk-15.0.1\bin\api-ms-win-crt-utility-l1-1-0.dll
0x00007ffebfaf0000 - 0x00007ffebfbec000 	D:\javafx\javafx-sdk-15.0.1\bin\ucrtbase.dll
0x00007ffef0290000 - 0x00007ffef02a5000 	D:\javafx\javafx-sdk-15.0.1\bin\vcruntime140.dll
0x00007ffede4c0000 - 0x00007ffede4cc000 	C:\Windows\System32\vcruntime140_1.dll
0x00007ffec0030000 - 0x00007ffec00cb000 	D:\javafx\javafx-sdk-15.0.1\bin\msvcp140.dll
0x00007ffeef940000 - 0x00007ffeef963000 	D:\javafx\javafx-sdk-15.0.1\bin\prism_d3d.dll
0x00007ffeebe00000 - 0x00007ffeebfc7000 	C:\WINDOWS\system32\d3d9.dll
0x00007ffef4e30000 - 0x00007ffef4e5d000 	C:\WINDOWS\SYSTEM32\dwmapi.dll
0x00007ffef5580000 - 0x00007ffef55a0000 	C:\WINDOWS\SYSTEM32\dxcore.dll
0x00007ffef48f0000 - 0x00007ffef4989000 	C:\WINDOWS\system32\uxtheme.dll
0x00007ffeb32b0000 - 0x00007ffeb3471000 	C:\WINDOWS\System32\DriverStore\FileRepository\iigd_dch.inf_amd64_9060c624376479b7\igdumdim64.dll
0x00007ffee47a0000 - 0x00007ffee48ba000 	C:\WINDOWS\System32\DriverStore\FileRepository\iigd_dch.inf_amd64_9060c624376479b7\igdgmm64.dll
0x00007ffe875b0000 - 0x00007ffe8af32000 	C:\WINDOWS\System32\DriverStore\FileRepository\iigd_dch.inf_amd64_9060c624376479b7\igd9dxva64.dll
0x00007ffef9350000 - 0x00007ffef94a7000 	C:\WINDOWS\System32\OLE32.dll
0x00007ffef8840000 - 0x00007ffef8905000 	C:\WINDOWS\System32\OLEAUT32.dll
0x00007ffeef8f0000 - 0x00007ffeef935000 	D:\javafx\javafx-sdk-15.0.1\bin\glass.dll
0x00007ffef94b0000 - 0x00007ffef9580000 	C:\WINDOWS\System32\COMDLG32.dll
0x00007ffef84e0000 - 0x00007ffef8615000 	C:\WINDOWS\System32\MSCTF.dll
0x00007ffebf8e0000 - 0x00007ffebf901000 	C:\WINDOWS\System32\DriverStore\FileRepository\iigd_dch.inf_amd64_9060c624376479b7\igdinfo64.dll
0x00007ffee0790000 - 0x00007ffee2755000 	C:\WINDOWS\System32\DriverStore\FileRepository\iigd_dch.inf_amd64_9060c624376479b7\igc64.dll
0x00007ffeee0f0000 - 0x00007ffeee104000 	D:\javafx\javafx-sdk-15.0.1\bin\javafx_font.dll
0x00007ffed4f10000 - 0x00007ffed520e000 	C:\WINDOWS\SYSTEM32\dwrite.dll
0x00007ffef86b0000 - 0x00007ffef8752000 	C:\WINDOWS\System32\clbcatq.dll
0x00007ffee6570000 - 0x00007ffee671f000 	C:\WINDOWS\SYSTEM32\WindowsCodecs.dll
0x00007ffee5940000 - 0x00007ffee597a000 	C:\WINDOWS\system32\dataexchange.dll
0x00007ffef3670000 - 0x00007ffef38cb000 	C:\WINDOWS\system32\d3d11.dll
0x00007ffef3d30000 - 0x00007ffef3f0d000 	C:\WINDOWS\system32\dcomp.dll
0x00007ffef5610000 - 0x00007ffef56fb000 	C:\WINDOWS\system32\dxgi.dll
0x00007ffef49b0000 - 0x00007ffef4c12000 	C:\WINDOWS\system32\twinapi.appcore.dll
0x00007ffef4e00000 - 0x00007ffef4e29000 	C:\WINDOWS\system32\RMCLIENT.dll
0x00007ffebb690000 - 0x00007ffebb6c3000 	C:\Program Files\Common Files\Microsoft Shared\Ink\rtscom.dll
0x00007ffee6a00000 - 0x00007ffee6a9e000 	C:\WINDOWS\System32\TextInputFramework.dll
0x00007ffef3f10000 - 0x00007ffef3fe4000 	C:\WINDOWS\System32\CoreMessaging.dll
0x00007ffee6c70000 - 0x00007ffee6f9a000 	C:\WINDOWS\System32\CoreUIComponents.dll
0x00007ffef2570000 - 0x00007ffef26c3000 	C:\WINDOWS\SYSTEM32\wintypes.dll
0x00007ffef5970000 - 0x00007ffef59a1000 	C:\WINDOWS\SYSTEM32\ntmarta.dll

dbghelp: loaded successfully - version: 4.0.5 - missing functions: none
symbol engine: initialized successfully - sym options: 0x614 - pdb path: .;C:\Program Files\AdoptOpenJDK\jdk-11.0.4.11-hotspot\bin;C:\WINDOWS\SYSTEM32;C:\WINDOWS\WinSxS\amd64_microsoft.windows.common-controls_6595b64144ccf1df_6.0.18362.1139_none_9e7bf2d3e4605ac6;C:\Program Files\AdoptOpenJDK\jdk-11.0.4.11-hotspot\bin\server;D:\javafx\javafx-sdk-15.0.1\bin;C:\WINDOWS\System32\DriverStore\FileRepository\iigd_dch.inf_amd64_9060c624376479b7;C:\Program Files\Common Files\Microsoft Shared\Ink

VM Arguments:
jvm_args: --module-path=D:\javafx\javafx-sdk-15.0.1\lib --add-modules=javafx.controls,javafx.fxml -Dfile.encoding=Cp1252 
java_command: application.Main
java_class_path (initial): C:\Users\SAKSHAT\git\New_Game\New_Game\bin;D:\javafx\javafx-sdk-15.0.1\lib\javafx.base.jar;D:\javafx\javafx-sdk-15.0.1\lib\javafx.controls.jar;D:\javafx\javafx-sdk-15.0.1\lib\javafx.fxml.jar;D:\javafx\javafx-sdk-15.0.1\lib\javafx.graphics.jar;D:\javafx\javafx-sdk-15.0.1\lib\javafx.media.jar;D:\javafx\javafx-sdk-15.0.1\lib\javafx.swing.jar;D:\javafx\javafx-sdk-15.0.1\lib\javafx.web.jar;D:\javafx\javafx-sdk-15.0.1\lib\javafx-swt.jar
Launcher Type: SUN_STANDARD

[Global flags]
     intx CICompilerCount                          = 4                                         {product} {ergonomic}
     uint ConcGCThreads                            = 3                                         {product} {ergonomic}
     uint G1ConcRefinementThreads                  = 10                                        {product} {ergonomic}
   size_t G1HeapRegionSize                         = 1048576                                   {product} {ergonomic}
    uintx GCDrainStackTargetSize                   = 64                                        {product} {ergonomic}
   size_t InitialHeapSize                          = 266338304                                 {product} {ergonomic}
   size_t MarkStackSize                            = 4194304                                   {product} {ergonomic}
   size_t MaxHeapSize                              = 4257218560                                {product} {ergonomic}
   size_t MaxNewSize                               = 2554331136                                {product} {ergonomic}
   size_t MinHeapDeltaBytes                        = 1048576                                   {product} {ergonomic}
    uintx NonNMethodCodeHeapSize                   = 5835340                                {pd product} {ergonomic}
    uintx NonProfiledCodeHeapSize                  = 122911450                              {pd product} {ergonomic}
    uintx ProfiledCodeHeapSize                     = 122911450                              {pd product} {ergonomic}
    uintx ReservedCodeCacheSize                    = 251658240                              {pd product} {ergonomic}
     bool SegmentedCodeCache                       = true                                      {product} {ergonomic}
     bool UseCompressedClassPointers               = true                                 {lp64_product} {ergonomic}
     bool UseCompressedOops                        = true                                 {lp64_product} {ergonomic}
     bool UseG1GC                                  = true                                      {product} {ergonomic}
     bool UseLargePagesIndividualAllocation        = false                                  {pd product} {ergonomic}

Logging:
Log output configuration:
 #0: stdout all=warning uptime,level,tags
 #1: stderr all=off uptime,level,tags

Environment Variables:
JAVA_HOME=C:\Program Files\AdoptOpenJDK\jdk-11.0.4.11-hotspot\
PATH=C:/Program Files/AdoptOpenJDK/jdk-11.0.4.11-hotspot/bin/client;C:/Program Files/AdoptOpenJDK/jdk-11.0.4.11-hotspot/bin;C:\Program Files\AdoptOpenJDK\jdk-11.0.4.11-hotspot\bin;C:\Program Files (x86)\Intel\Intel(R) Management Engine Components\iCLS\;C:\Program Files\Intel\Intel(R) Management Engine Components\iCLS\;C:\Windows\system32;C:\Windows;C:\Windows\System32\Wbem;C:\Windows\System32\WindowsPowerShell\v1.0\;C:\Windows\System32\OpenSSH\;C:\Program Files (x86)\Intel\Intel(R) Management Engine Components\DAL;C:\Program Files\Intel\Intel(R) Management Engine Components\DAL;C:\Program Files (x86)\Intel\Intel(R) Management Engine Components\IPT;C:\Program Files\Intel\Intel(R) Management Engine Components\IPT;C:\Program Files (x86)\NVIDIA Corporation\PhysX\Common;C:\Program Files\Intel\WiFi\bin\;C:\Program Files\Common Files\Intel\WirelessCommon\;C:\Program Files\NVIDIA Corporation\NVIDIA NvDLISR;C:\WINDOWS\system32;C:\WINDOWS;C:\WINDOWS\System32\Wbem;C:\WINDOWS\System32\WindowsPowerShell\v1.0\;C:\WINDOWS\System32\OpenSSH\;E:\MATLAB\bin;C:\Program Files\dotnet\;C:\Users\SAKSHAT\AppData\Local\Programs\Python\Python37\Scripts\;C:\Users\SAKSHAT\AppData\Local\Programs\Python\Python37\;C:\Users\SAKSHAT\AppData\Local\Microsoft\WindowsApps;C:\Users\SAKSHAT\AppData\Local\Programs\Microsoft VS Code\bin;C:\MinGW\bin;C:\Users\SAKSHAT\.dotnet\tools;C:\Users\SAKSHAT\AppData\Local\GitHubDesktop\bin;C:\WINDOWS\System32;
USERNAME=SAKSHAT
OS=Windows_NT
PROCESSOR_IDENTIFIER=Intel64 Family 6 Model 158 Stepping 10, GenuineIntel



---------------  S Y S T E M  ---------------

OS: Windows 10 , 64 bit Build 18362 (10.0.18362.1110)

CPU:total 12 (initial active 12) (6 cores per cpu, 2 threads per core) family 6 model 158 stepping 10, cmov, cx8, fxsr, mmx, sse, sse2, sse3, ssse3, sse4.1, sse4.2, popcnt, avx, avx2, aes, clmul, erms, 3dnowpref, lzcnt, ht, tsc, tscinvbit, bmi1, bmi2, adx, fma

Memory: 4k page, system-wide physical 16234M (6113M free)
TotalPageFile size 31363M (AvailPageFile size 0M)
current process WorkingSet (physical memory assigned to process): 183M, peak: 184M
current process commit charge ("private bytes"): 440M, peak: 443M

vm_info: OpenJDK 64-Bit Server VM (11.0.4+11) for windows-amd64 JRE (11.0.4+11), built on Jul 18 2019 06:43:34 by "" with MS VC++ 15.8 (VS2017)

END.
